       Step     Time          Energy          fmax
FIRE2:    0 21:51:02      -71.599498       13.600966
       Step     Time          Energy          fmax
FIRE2:    0 21:51:02      -71.599498       13.600966
       Step     Time          Energy          fmax
FIRE2:    0 21:51:02      -71.599498       13.600966
       Step     Time          Energy          fmax
FIRE2:    0 21:51:02      -71.599498       13.600966
       Step     Time          Energy          fmax
FIRE2:    0 21:51:03      -71.599498       13.600966
       Step     Time          Energy          fmax
FIRE2:    0 21:51:03      -71.599498       13.600966
       Step     Time          Energy          fmax
FIRE2:    0 21:51:03      -71.599498       13.600966
       Step     Time          Energy          fmax
FIRE2:    0 21:51:04      -71.599498       13.600966
       Step     Time          Energy          fmax
FIRE2:    0 21:51:04      -71.599498       13.600966
       Step     Time          Energy          fmax
FIRE2:    0 21:51:05      -71.599498       13.600966
FIRE2:    1 21:51:48      -66.212334       61.145596
FIRE2:    1 21:51:48      -66.212334       61.145596
FIRE2:    1 21:51:49      -66.212334       61.145596
FIRE2:    1 21:51:49      -66.212334       61.145596
FIRE2:    1 21:51:49      -66.212334       61.145596
FIRE2:    1 21:51:50      -66.212334       61.145596
FIRE2:    1 21:51:50      -66.212334       61.145596
FIRE2:    1 21:51:50      -66.212334       61.145596
FIRE2:    1 21:51:50      -66.212334       61.145596
FIRE2:    1 21:51:51      -66.212334       61.145596
FIRE2:    2 21:54:24      -71.572336       10.934446
FIRE2:    2 21:54:24      -71.572336       10.934446
FIRE2:    2 21:54:25      -71.572336       10.934446
FIRE2:    2 21:54:26      -71.572336       10.934446
FIRE2:    2 21:54:27      -71.572336       10.934446
FIRE2:    2 21:54:27      -71.572336       10.934446
FIRE2:    2 21:54:27      -71.572336       10.934446
FIRE2:    2 21:54:28      -71.572336       10.934446
FIRE2:    2 21:54:29      -71.572336       10.934446
FIRE2:    2 21:54:31      -71.572336       10.934446
FIRE2:    3 21:57:20      -71.297921        0.294504
FIRE2:    3 21:57:20      -71.297921        0.294504
FIRE2:    3 21:57:20      -71.297921        0.294504
FIRE2:    3 21:57:21      -71.297921        0.294504
FIRE2:    3 21:57:23      -71.297921        0.294504
FIRE2:    3 21:57:25      -71.297921        0.294504
FIRE2:    3 21:57:26      -71.297921        0.294504
FIRE2:    3 21:57:26      -71.297921        0.294504
FIRE2:    3 21:57:26      -71.297921        0.294504
FIRE2:    3 21:57:29      -71.297921        0.294504
FIRE2:    4 21:58:41      -71.284892        0.053675
FIRE2:    4 21:58:42      -71.284892        0.053675
FIRE2:    4 21:58:43      -71.284892        0.053675
FIRE2:    4 21:58:43      -71.284892        0.053675
FIRE2:    4 21:58:45      -71.284892        0.053675
FIRE2:    4 21:58:49      -71.284892        0.053675
FIRE2:    4 21:58:50      -71.284892        0.053675
FIRE2:    4 21:58:50      -71.284892        0.053675
FIRE2:    4 21:58:50      -71.284892        0.053675
FIRE2:    4 21:58:51      -71.284892        0.053675
FIRE2:    5 22:00:02      -71.271392        0.069701
FIRE2:    5 22:00:02      -71.271392        0.069701
FIRE2:    5 22:00:04      -71.271392        0.069701
FIRE2:    5 22:00:05      -71.271392        0.069701
FIRE2:    5 22:00:05      -71.271392        0.069701
FIRE2:    5 22:00:11      -71.271392        0.069701
FIRE2:    5 22:00:11      -71.271392        0.069701
FIRE2:    5 22:00:11      -71.271392        0.069701
FIRE2:    5 22:00:12      -71.271392        0.069701
FIRE2:    5 22:00:14      -71.271392        0.069701
FIRE2:    6 22:03:13      -71.271401        0.015465
FIRE2:    6 22:03:16      -71.271401        0.015465
FIRE2:    6 22:03:17      -71.271401        0.015465
FIRE2:    6 22:03:18      -71.271401        0.015465
FIRE2:    6 22:03:19      -71.271401        0.015465
FIRE2:    6 22:03:26      -71.271401        0.015465
FIRE2:    6 22:03:27      -71.271401        0.015465
FIRE2:    6 22:03:28      -71.271401        0.015465
FIRE2:    6 22:03:30      -71.271401        0.015465
FIRE2:    6 22:03:31      -71.271401        0.015465
